UpdateCTestConfiguration  from :/home/lance/myWorkspace/01_atm_controller/build/DartConfiguration.tcl
UpdateCTestConfiguration  from :/home/lance/myWorkspace/01_atm_controller/build/DartConfiguration.tcl
Test project /home/lance/myWorkspace/01_atm_controller/build
Constructing a list of tests
Done constructing a list of tests
Updating test list for fixtures
Added 0 tests to meet fixture requirements
Checking test dependency graph...
Checking test dependency graph end
test 1
    Start 1: AtmControllerTest.TestCardInsert

1: Test command: /home/lance/myWorkspace/01_atm_controller/build/testcases_test "--gtest_filter=AtmControllerTest.TestCardInsert" "--gtest_also_run_disabled_tests"
1: Test timeout computed to be: 10000000
1: Note: Google Test filter = AtmControllerTest.TestCardInsert
1: [==========] Running 1 test from 1 test suite.
1: [----------] Global test environment set-up.
1: [----------] 1 test from AtmControllerTest
1: [ RUN      ] AtmControllerTest.TestCardInsert
1: [       OK ] AtmControllerTest.TestCardInsert (0 ms)
1: [----------] 1 test from AtmControllerTest (0 ms total)
1: 
1: [----------] Global test environment tear-down
1: [==========] 1 test from 1 test suite ran. (0 ms total)
1: [  PASSED  ] 1 test.
1/5 Test #1: AtmControllerTest.TestCardInsert ........   Passed    0.00 sec
test 2
    Start 2: AtmControllerTest.TestQueryPin

2: Test command: /home/lance/myWorkspace/01_atm_controller/build/testcases_test "--gtest_filter=AtmControllerTest.TestQueryPin" "--gtest_also_run_disabled_tests"
2: Test timeout computed to be: 10000000
2: Note: Google Test filter = AtmControllerTest.TestQueryPin
2: [==========] Running 1 test from 1 test suite.
2: [----------] Global test environment set-up.
2: [----------] 1 test from AtmControllerTest
2: [ RUN      ] AtmControllerTest.TestQueryPin
2: [       OK ] AtmControllerTest.TestQueryPin (0 ms)
2: [----------] 1 test from AtmControllerTest (0 ms total)
2: 
2: [----------] Global test environment tear-down
2: [==========] 1 test from 1 test suite ran. (0 ms total)
2: [  PASSED  ] 1 test.
2/5 Test #2: AtmControllerTest.TestQueryPin ..........   Passed    0.00 sec
test 3
    Start 3: AtmControllerTest.TestSelectAccount

3: Test command: /home/lance/myWorkspace/01_atm_controller/build/testcases_test "--gtest_filter=AtmControllerTest.TestSelectAccount" "--gtest_also_run_disabled_tests"
3: Test timeout computed to be: 10000000
3: Note: Google Test filter = AtmControllerTest.TestSelectAccount
3: [==========] Running 1 test from 1 test suite.
3: [----------] Global test environment set-up.
3: [----------] 1 test from AtmControllerTest
3: [ RUN      ] AtmControllerTest.TestSelectAccount
3: [       OK ] AtmControllerTest.TestSelectAccount (0 ms)
3: [----------] 1 test from AtmControllerTest (0 ms total)
3: 
3: [----------] Global test environment tear-down
3: [==========] 1 test from 1 test suite ran. (0 ms total)
3: [  PASSED  ] 1 test.
3/5 Test #3: AtmControllerTest.TestSelectAccount .....   Passed    0.00 sec
test 4
    Start 4: AtmControllerTest.TestCheckBalance

4: Test command: /home/lance/myWorkspace/01_atm_controller/build/testcases_test "--gtest_filter=AtmControllerTest.TestCheckBalance" "--gtest_also_run_disabled_tests"
4: Test timeout computed to be: 10000000
4: Note: Google Test filter = AtmControllerTest.TestCheckBalance
4: [==========] Running 1 test from 1 test suite.
4: [----------] Global test environment set-up.
4: [----------] 1 test from AtmControllerTest
4: [ RUN      ] AtmControllerTest.TestCheckBalance
4: [       OK ] AtmControllerTest.TestCheckBalance (0 ms)
4: [----------] 1 test from AtmControllerTest (0 ms total)
4: 
4: [----------] Global test environment tear-down
4: [==========] 1 test from 1 test suite ran. (0 ms total)
4: [  PASSED  ] 1 test.
4/5 Test #4: AtmControllerTest.TestCheckBalance ......   Passed    0.00 sec
test 5
    Start 5: AtmControllerTest.TestDepositWithdraw

5: Test command: /home/lance/myWorkspace/01_atm_controller/build/testcases_test "--gtest_filter=AtmControllerTest.TestDepositWithdraw" "--gtest_also_run_disabled_tests"
5: Test timeout computed to be: 10000000
5: Note: Google Test filter = AtmControllerTest.TestDepositWithdraw
5: [==========] Running 1 test from 1 test suite.
5: [----------] Global test environment set-up.
5: [----------] 1 test from AtmControllerTest
5: [ RUN      ] AtmControllerTest.TestDepositWithdraw
5: [       OK ] AtmControllerTest.TestDepositWithdraw (0 ms)
5: [----------] 1 test from AtmControllerTest (0 ms total)
5: 
5: [----------] Global test environment tear-down
5: [==========] 1 test from 1 test suite ran. (0 ms total)
5: [  PASSED  ] 1 test.
5/5 Test #5: AtmControllerTest.TestDepositWithdraw ...   Passed    0.00 sec

100% tests passed, 0 tests failed out of 5

Total Test time (real) =   0.01 sec
